Using pre-set license
Built from '2021.2/staging' branch; Version is '2021.2.8f1 (d0e5f0a7b06a) revision 13690352'; Using compiler version '192829333'; Build Type 'Release'
OS: 'Windows 10  (10.0.19044) 64bit Professional' Language: 'en' Physical Memory: 16334 MB
BatchMode: 1, IsHumanControllingUs: 0, StartBugReporterOnCrash: 0, Is64bit: 1, IsPro: 0

COMMAND LINE ARGUMENTS:
F:\2021.2.8f1\Editor\Unity.exe
-adb2
-batchMode
-noUpm
-name
AssetImportWorker2
-projectPath
F:/UnityProjects/TemplateProject(2021p2p8f1)
-logFile
Logs/AssetImportWorker2.log
-srvPort
49274
Successfully changed project path to: F:/UnityProjects/TemplateProject(2021p2p8f1)
F:/UnityProjects/TemplateProject(2021p2p8f1)
[UnityMemory] Configuration Parameters - Can be set up in boot.config
    "memorysetup-bucket-allocator-granularity=16"
    "memorysetup-bucket-allocator-bucket-count=8"
    "memorysetup-bucket-allocator-block-size=33554432"
    "memorysetup-bucket-allocator-block-count=8"
    "memorysetup-main-allocator-block-size=16777216"
    "memorysetup-thread-allocator-block-size=16777216"
    "memorysetup-gfx-main-allocator-block-size=16777216"
    "memorysetup-gfx-thread-allocator-block-size=16777216"
    "memorysetup-cache-allocator-block-size=4194304"
    "memorysetup-typetree-allocator-block-size=2097152"
    "memorysetup-profiler-bucket-allocator-granularity=16"
    "memorysetup-profiler-bucket-allocator-bucket-count=8"
    "memorysetup-profiler-bucket-allocator-block-size=33554432"
    "memorysetup-profiler-bucket-allocator-block-count=8"
    "memorysetup-profiler-allocator-block-size=16777216"
    "memorysetup-profiler-editor-allocator-block-size=1048576"
    "memorysetup-temp-allocator-size-main=16777216"
    "memorysetup-job-temp-allocator-block-size=2097152"
    "memorysetup-job-temp-allocator-block-size-background=1048576"
    "memorysetup-job-temp-allocator-reduction-small-platforms=262144"
    "memorysetup-temp-allocator-size-background-worker=32768"
    "memorysetup-temp-allocator-size-job-worker=262144"
    "memorysetup-temp-allocator-size-preload-manager=33554432"
    "memorysetup-temp-allocator-size-nav-mesh-worker=65536"
    "memorysetup-temp-allocator-size-audio-worker=65536"
    "memorysetup-temp-allocator-size-cloud-worker=32768"
    "memorysetup-temp-allocator-size-gi-baking-worker=262144"
    "memorysetup-temp-allocator-size-gfx=262144"
Refreshing native plugins compatible for Editor in 95.09 ms, found 4 plugins.
Preloading 0 native plugins for Editor in 0.00 ms.
Initialize engine version: 2021.2.8f1 (d0e5f0a7b06a)
[Subsystems] Discovering subsystems at path F:/2021.2.8f1/Editor/Data/Resources/UnitySubsystems
[Subsystems] Discovering subsystems at path F:/UnityProjects/TemplateProject(2021p2p8f1)/Assets
GfxDevice: creating device client; threaded=0; jobified=0
Direct3D:
    Version:  Direct3D 11.0 [level 11.1]
    Renderer: NVIDIA GeForce GTX 1060 6GB (ID=0x1c03)
    Vendor:   NVIDIA
    VRAM:     6052 MB
    Driver:   30.0.15.1165
Initialize mono
Mono path[0] = 'F:/2021.2.8f1/Editor/Data/Managed'
Mono path[1] = 'F:/2021.2.8f1/Editor/Data/MonoBleedingEdge/lib/mono/unityjit-win32'
Mono config path = 'F:/2021.2.8f1/Editor/Data/MonoBleedingEdge/etc'
Using monoOptions --debugger-agent=transport=dt_socket,embedding=1,server=y,suspend=n,address=127.0.0.1:56940
Begin MonoManager ReloadAssembly
Registering precompiled unity dll's ...
Register platform support module: F:/2021.2.8f1/Editor/Data/PlaybackEngines/WebGLSupport/UnityEditor.WebGL.Extensions.dll
Register platform support module: F:/2021.2.8f1/Editor/Data/PlaybackEngines/WindowsStandaloneSupport/UnityEditor.WindowsStandalone.Extensions.dll
Register platform support module: F:/2021.2.8f1/Editor/Data/PlaybackEngines/LinuxStandaloneSupport/UnityEditor.LinuxStandalone.Extensions.dll
Registered in 0.002769 seconds.
Native extension for LinuxStandalone target not found
Native extension for WindowsStandalone target not found
Native extension for WebGL target not found
Refreshing native plugins compatible for Editor in 100.37 ms, found 4 plugins.
Preloading 0 native plugins for Editor in 0.00 ms.
Mono: successfully reloaded assembly
- Completed reload, in  0.615 seconds
Domain Reload Profiling:
	ReloadAssembly (616ms)
		BeginReloadAssembly (67ms)
			ExecutionOrderSort (0ms)
			DisableScriptedObjects (0ms)
			BackupInstance (0ms)
			ReleaseScriptingObjects (0ms)
			CreateAndSetChildDomain (1ms)
		EndReloadAssembly (481ms)
			LoadAssemblies (66ms)
			RebuildTransferFunctionScriptingTraits (0ms)
			SetupTypeCache (107ms)
			ReleaseScriptCaches (0ms)
			RebuildScriptCaches (27ms)
			SetupLoadedEditorAssemblies (298ms)
				LogAssemblyErrors (0ms)
				InitializePlatformSupportModulesInManaged (15ms)
				SetLoadedEditorAssemblies (0ms)
				RefreshPlugins (101ms)
				BeforeProcessingInitializeOnLoad (1ms)
				ProcessInitializeOnLoadAttributes (137ms)
				ProcessInitializeOnLoadMethodAttributes (43ms)
				AfterProcessingInitializeOnLoad (0ms)
				EditorAssembliesLoaded (0ms)
			ExecutionOrderSort2 (0ms)
			AwakeInstancesAfterBackupRestoration (0ms)
Platform modules already initialized, skipping
Registering precompiled user dll's ...
Registered in 0.005190 seconds.
Begin MonoManager ReloadAssembly
Symbol file LoadedFromMemory doesn't match image F:\UnityProjects\TemplateProject(2021p2p8f1)\Library\PackageCache\com.unity.visualscripting@1.7.6\Editor\VisualScripting.Core\Dependencies\YamlDotNet\Unity.VisualScripting.YamlDotNet.dll
Symbol file LoadedFromMemory doesn't match image F:\UnityProjects\TemplateProject(2021p2p8f1)\Library\PackageCache\com.unity.visualscripting@1.7.6\Editor\VisualScripting.Core\Dependencies\DotNetZip\Unity.VisualScripting.IonicZip.dll
Native extension for LinuxStandalone target not found
Native extension for WindowsStandalone target not found
Native extension for WebGL target not found
Refreshing native plugins compatible for Editor in 91.87 ms, found 4 plugins.
Preloading 0 native plugins for Editor in 0.00 ms.
Mono: successfully reloaded assembly
- Completed reload, in  1.560 seconds
Domain Reload Profiling:
	ReloadAssembly (1560ms)
		BeginReloadAssembly (104ms)
			ExecutionOrderSort (0ms)
			DisableScriptedObjects (6ms)
			BackupInstance (0ms)
			ReleaseScriptingObjects (0ms)
			CreateAndSetChildDomain (20ms)
		EndReloadAssembly (1365ms)
			LoadAssemblies (72ms)
			RebuildTransferFunctionScriptingTraits (0ms)
			SetupTypeCache (233ms)
			ReleaseScriptCaches (1ms)
			RebuildScriptCaches (58ms)
			SetupLoadedEditorAssemblies (960ms)
				LogAssemblyErrors (0ms)
				InitializePlatformSupportModulesInManaged (11ms)
				SetLoadedEditorAssemblies (0ms)
				RefreshPlugins (92ms)
				BeforeProcessingInitializeOnLoad (101ms)
				ProcessInitializeOnLoadAttributes (720ms)
				ProcessInitializeOnLoadMethodAttributes (33ms)
				AfterProcessingInitializeOnLoad (3ms)
				EditorAssembliesLoaded (0ms)
			ExecutionOrderSort2 (0ms)
			AwakeInstancesAfterBackupRestoration (5ms)
Platform modules already initialized, skipping
========================================================================
Worker process is ready to serve import requests
Launched and connected shader compiler UnityShaderCompiler.exe after 0.06 seconds
Refreshing native plugins compatible for Editor in 1.10 ms, found 4 plugins.
Preloading 0 native plugins for Editor in 0.00 ms.
Unloading 4095 Unused Serialized files (Serialized files now loaded: 0)
Unloading 56 unused Assets / (296.3 KB). Loaded Objects now: 4546.
Memory consumption went from 155.4 MB to 155.1 MB.
Total: 6.352500 ms (FindLiveObjects: 0.592500 ms CreateObjectMapping: 0.145800 ms MarkObjects: 4.322500 ms  DeleteObjects: 1.289600 ms)

AssetImportParameters requested are different than current active one (requested -> active):
  custom:video-decoder-ogg-theora: a1e56fd34408186e4bbccfd4996cb3dc -> 
  custom:container-muxer-webm: aa71ff27fc2769a1b78a27578f13a17b -> 
  custom:container-demuxer-webm: 4f35f7cbe854078d1ac9338744f61a02 -> 
  custom:video-encoder-webm-vp8: eb34c28f22e8b96e1ab97ce403110664 -> 
  custom:audio-encoder-webm-vorbis: bf7c407c2cedff20999df2af8eb42d56 -> 
  custom:framework-win-MediaFoundation: 216162199b28c13a410421893ffa2e32 -> 
  custom:container-demuxer-ogg: 62fdf1f143b41e24485cea50d1cbac27 -> 
  custom:video-decoder-webm-vp8: 9c59270c3fd7afecdb556c50c9e8de78 -> 
  custom:audio-decoder-ogg-vorbis: bf7c407c2cedff20999df2af8eb42d56 -> 
========================================================================
Received Import Request.
  Time since last request: 190087.408022 seconds.
  path: Assets/Scripts/GeneralUtility/GridSystem.cs
  artifactKey: Guid(a01d6144dbcd241429bc388e9fd70c00) Importer(2089858483,934ff659095e30574adcf32a4c2f97b5)
Start importing Assets/Scripts/GeneralUtility/GridSystem.cs using Guid(a01d6144dbcd241429bc388e9fd70c00) Importer(2089858483,934ff659095e30574adcf32a4c2f97b5) Generated GUIDs only implemented for interfaces!
 -> (artifact id: '53a8317665516e745999de5dea8c2705') in 0.066453 seconds 
========================================================================
Received Import Request.
  Time since last request: 0.000023 seconds.
  path: Assets/SaveData/tilemap_0.txt
  artifactKey: Guid(7138b826ce7eb924fb8f01bf6714994c) Importer(2089858483,934ff659095e30574adcf32a4c2f97b5)
Start importing Assets/SaveData/tilemap_0.txt using Guid(7138b826ce7eb924fb8f01bf6714994c) Importer(2089858483,934ff659095e30574adcf32a4c2f97b5) Generated GUIDs only implemented for interfaces!
 -> (artifact id: '4925284a3b86fde855c4a4ea9774762d') in 0.018871 seconds 
========================================================================
Received Import Request.
  Time since last request: 0.000025 seconds.
  path: Assets/ExampleSystems/TimerSystem/TimeTickSystem.cs
  artifactKey: Guid(2a0778968be6d6c42aaf96f5f51299c9) Importer(2089858483,934ff659095e30574adcf32a4c2f97b5)
Start importing Assets/ExampleSystems/TimerSystem/TimeTickSystem.cs using Guid(2a0778968be6d6c42aaf96f5f51299c9) Importer(2089858483,934ff659095e30574adcf32a4c2f97b5) Generated GUIDs only implemented for interfaces!
 -> (artifact id: '7e84c57e9875814dd726d8a0f522cb08') in 0.007204 seconds 
========================================================================
Received Import Request.
  Time since last request: 0.000021 seconds.
  path: Assets/ExampleSystems/UI/FixedUpdateCounterTest.cs
  artifactKey: Guid(039977697d150e943b869a9c5ed6c3bf) Importer(2089858483,934ff659095e30574adcf32a4c2f97b5)
Start importing Assets/ExampleSystems/UI/FixedUpdateCounterTest.cs using Guid(039977697d150e943b869a9c5ed6c3bf) Importer(2089858483,934ff659095e30574adcf32a4c2f97b5) Generated GUIDs only implemented for interfaces!
 -> (artifact id: '79e7e9078b9d9f40a80be7b5cd170b3b') in 0.007400 seconds 
========================================================================
Received Import Request.
  Time since last request: 0.000025 seconds.
  path: Assets/ExampleSystems/GridSystems/PixelArtDrawing/LoadPixelArtDrawing.cs
  artifactKey: Guid(5235bdc0ca7583141b70d28a05631c8c) Importer(2089858483,934ff659095e30574adcf32a4c2f97b5)
Start importing Assets/ExampleSystems/GridSystems/PixelArtDrawing/LoadPixelArtDrawing.cs using Guid(5235bdc0ca7583141b70d28a05631c8c) Importer(2089858483,934ff659095e30574adcf32a4c2f97b5) Generated GUIDs only implemented for interfaces!
 -> (artifact id: '02d6cd831bc353bf9bb396cd5903eb2c') in 0.007384 seconds 
========================================================================
Received Import Request.
  Time since last request: 0.000024 seconds.
  path: Assets/ExampleSystems/GridSystems/Tilemap/TilemapVisuals.cs
  artifactKey: Guid(4c40ec65c3d87e84aa53ac2df5e66316) Importer(2089858483,934ff659095e30574adcf32a4c2f97b5)
Start importing Assets/ExampleSystems/GridSystems/Tilemap/TilemapVisuals.cs using Guid(4c40ec65c3d87e84aa53ac2df5e66316) Importer(2089858483,934ff659095e30574adcf32a4c2f97b5) Generated GUIDs only implemented for interfaces!
 -> (artifact id: 'cce9e1b0a67a34acf69a91e414ecf50d') in 0.007135 seconds 
========================================================================
Received Import Request.
  Time since last request: 0.000022 seconds.
  path: Assets/TextMesh Pro/Fonts/LiberationSans.ttf
  artifactKey: Guid(e3265ab4bf004d28a9537516768c1c75) Importer(2089858483,934ff659095e30574adcf32a4c2f97b5)
Start importing Assets/TextMesh Pro/Fonts/LiberationSans.ttf using Guid(e3265ab4bf004d28a9537516768c1c75) Importer(2089858483,934ff659095e30574adcf32a4c2f97b5) Generated GUIDs only implemented for interfaces!
 -> (artifact id: '739d508ae313c49ad33f1c54a687bd09') in 0.069338 seconds 
========================================================================
Received Import Request.
  Time since last request: 0.000027 seconds.
  path: Assets/TextMesh Pro/Resources/Shaders/TMP_Bitmap.shader
  artifactKey: Guid(128e987d567d4e2c824d754223b3f3b0) Importer(2089858483,934ff659095e30574adcf32a4c2f97b5)
Start importing Assets/TextMesh Pro/Resources/Shaders/TMP_Bitmap.shader using Guid(128e987d567d4e2c824d754223b3f3b0) Importer(2089858483,934ff659095e30574adcf32a4c2f97b5) Generated GUIDs only implemented for interfaces!
 -> (artifact id: '2ba380fa2e6c6a2d983ec4766c3abb9f') in 0.013631 seconds 
========================================================================
Received Import Request.
  Time since last request: 0.000032 seconds.
  path: Assets/ExampleSystems/UI/TextPopups/TextPopupTest.cs
  artifactKey: Guid(df82d7ea1a82c014bbd1a7ca8917d215) Importer(2089858483,934ff659095e30574adcf32a4c2f97b5)
Start importing Assets/ExampleSystems/UI/TextPopups/TextPopupTest.cs using Guid(df82d7ea1a82c014bbd1a7ca8917d215) Importer(2089858483,934ff659095e30574adcf32a4c2f97b5) Generated GUIDs only implemented for interfaces!
 -> (artifact id: '9b737c8665c13f034ff840c7ea8e7683') in 0.007665 seconds 
========================================================================
Received Import Request.
  Time since last request: 0.000023 seconds.
  path: Assets/Assets/White_1x1.mat
  artifactKey: Guid(f633a95670eda7e468874cb5766c1c14) Importer(2089858483,934ff659095e30574adcf32a4c2f97b5)
Start importing Assets/Assets/White_1x1.mat using Guid(f633a95670eda7e468874cb5766c1c14) Importer(2089858483,934ff659095e30574adcf32a4c2f97b5) Generated GUIDs only implemented for interfaces!
 -> (artifact id: '1826427504bcaf26f14af3d3bdd273ed') in 0.011272 seconds 
========================================================================
Received Import Request.
  Time since last request: 0.000021 seconds.
  path: Assets/ExampleSystems/EventSystem/GameEvent.cs
  artifactKey: Guid(31f3df997951f9c44a0dabe6f88e9203) Importer(2089858483,934ff659095e30574adcf32a4c2f97b5)
Start importing Assets/ExampleSystems/EventSystem/GameEvent.cs using Guid(31f3df997951f9c44a0dabe6f88e9203) Importer(2089858483,934ff659095e30574adcf32a4c2f97b5) Generated GUIDs only implemented for interfaces!
 -> (artifact id: '349c21511e5bc632d593efcfc7a2c27f') in 0.009903 seconds 
========================================================================
Received Import Request.
  Time since last request: 0.000019 seconds.
  path: Assets/ExampleSystems/UI/TooltipUI/TooltipScreenSpaceUITest.cs
  artifactKey: Guid(e304fe9a75cc1d74396933541840497d) Importer(2089858483,934ff659095e30574adcf32a4c2f97b5)
Start importing Assets/ExampleSystems/UI/TooltipUI/TooltipScreenSpaceUITest.cs using Guid(e304fe9a75cc1d74396933541840497d) Importer(2089858483,934ff659095e30574adcf32a4c2f97b5) Generated GUIDs only implemented for interfaces!
 -> (artifact id: '3878016777e9cce3567d534b702ae5e2') in 0.007899 seconds 
========================================================================
Received Import Request.
  Time since last request: 0.000018 seconds.
  path: Assets/ExampleSystems/ObjectPooling/ObjectPooling.unity
  artifactKey: Guid(6f2e04ca8fbce174b9467e8b033bf197) Importer(2089858483,934ff659095e30574adcf32a4c2f97b5)
Start importing Assets/ExampleSystems/ObjectPooling/ObjectPooling.unity using Guid(6f2e04ca8fbce174b9467e8b033bf197) Importer(2089858483,934ff659095e30574adcf32a4c2f97b5) Generated GUIDs only implemented for interfaces!
 -> (artifact id: '0944a64db827d5e643d9d5fdcbd898d2') in 0.006911 seconds 
========================================================================
Received Import Request.
  Time since last request: 0.000021 seconds.
  path: Assets/ExampleSystems/TimerSystem/TimeTickSystem.unity
  artifactKey: Guid(91d7a6802c4e5d7489b2948def76fe47) Importer(2089858483,934ff659095e30574adcf32a4c2f97b5)
Start importing Assets/ExampleSystems/TimerSystem/TimeTickSystem.unity using Guid(91d7a6802c4e5d7489b2948def76fe47) Importer(2089858483,934ff659095e30574adcf32a4c2f97b5) Generated GUIDs only implemented for interfaces!
 -> (artifact id: '0e2460b15c892cc65188a5f6e11fa1b4') in 0.006871 seconds 
========================================================================
Received Import Request.
  Time since last request: 0.000026 seconds.
  path: Assets/TextMesh Pro/Resources/Shaders/TMP_SDF-Mobile Overlay.shader
  artifactKey: Guid(a02a7d8c237544f1962732b55a9aebf1) Importer(2089858483,934ff659095e30574adcf32a4c2f97b5)
Start importing Assets/TextMesh Pro/Resources/Shaders/TMP_SDF-Mobile Overlay.shader using Guid(a02a7d8c237544f1962732b55a9aebf1) Importer(2089858483,934ff659095e30574adcf32a4c2f97b5) Generated GUIDs only implemented for interfaces!
 -> (artifact id: 'efd9dfce90b01f2d1637913e3b60c42a') in 0.007350 seconds 
========================================================================
Received Import Request.
  Time since last request: 0.000027 seconds.
  path: Assets/ExampleSystems/ObjectPooling/ObjectPoolingSettings.lighting
  artifactKey: Guid(ab651ac714038e848b1423c185084b62) Importer(2089858483,934ff659095e30574adcf32a4c2f97b5)
Start importing Assets/ExampleSystems/ObjectPooling/ObjectPoolingSettings.lighting using Guid(ab651ac714038e848b1423c185084b62) Importer(2089858483,934ff659095e30574adcf32a4c2f97b5) Generated GUIDs only implemented for interfaces!
 -> (artifact id: 'b649a4e78c2999960e51c033a0b3a393') in 0.008896 seconds 
========================================================================
Received Import Request.
  Time since last request: 0.000029 seconds.
  path: Assets/Assets/ShotTrail.prefab
  artifactKey: Guid(c34501c4064d9894995a7627744989cc) Importer(2089858483,934ff659095e30574adcf32a4c2f97b5)
Start importing Assets/Assets/ShotTrail.prefab using Guid(c34501c4064d9894995a7627744989cc) Importer(2089858483,934ff659095e30574adcf32a4c2f97b5) Generated GUIDs only implemented for interfaces!
 -> (artifact id: '4ebf628c8319b7cb283e0723df79088c') in 0.010366 seconds 
========================================================================
Received Import Request.
  Time since last request: 0.000015 seconds.
  path: Assets/Scenes/SampleScene.unity
  artifactKey: Guid(2cda990e2423bbf4892e6590ba056729) Importer(2089858483,934ff659095e30574adcf32a4c2f97b5)
Start importing Assets/Scenes/SampleScene.unity using Guid(2cda990e2423bbf4892e6590ba056729) Importer(2089858483,934ff659095e30574adcf32a4c2f97b5) Generated GUIDs only implemented for interfaces!
 -> (artifact id: '00625798d59f9ceb9d7505b1d6e0cf04') in 0.007796 seconds 
========================================================================
Received Import Request.
  Time since last request: 0.000023 seconds.
  path: Assets/ExampleSystems/GridSystems/PixelArtDrawing/PixelArtDrawingVisuals.cs
  artifactKey: Guid(552a0f3c1b4299942a21ef3d631719df) Importer(2089858483,934ff659095e30574adcf32a4c2f97b5)
Start importing Assets/ExampleSystems/GridSystems/PixelArtDrawing/PixelArtDrawingVisuals.cs using Guid(552a0f3c1b4299942a21ef3d631719df) Importer(2089858483,934ff659095e30574adcf32a4c2f97b5) Generated GUIDs only implemented for interfaces!
 -> (artifact id: 'b4620c6088653bfdd4d8ce6ec43945c0') in 0.007019 seconds 
========================================================================
Received Import Request.
  Time since last request: 0.000031 seconds.
  path: Assets/ExampleSystems/GridSystems/HeatMap/TestGrid.cs
  artifactKey: Guid(dfb2521533f3610418be0c2d530a36d1) Importer(2089858483,934ff659095e30574adcf32a4c2f97b5)
Start importing Assets/ExampleSystems/GridSystems/HeatMap/TestGrid.cs using Guid(dfb2521533f3610418be0c2d530a36d1) Importer(2089858483,934ff659095e30574adcf32a4c2f97b5) Generated GUIDs only implemented for interfaces!
 -> (artifact id: '96f200fe6a85f0a76b5f8735189a38d7') in 0.007422 seconds 
========================================================================
Received Import Request.
  Time since last request: 0.000024 seconds.
  path: Assets/ExampleSystems/GridSystems/HeatMap/HeatMapBoolVisuals.cs
  artifactKey: Guid(6a8170adca0fd5043a433975df46e51d) Importer(2089858483,934ff659095e30574adcf32a4c2f97b5)
Start importing Assets/ExampleSystems/GridSystems/HeatMap/HeatMapBoolVisuals.cs using Guid(6a8170adca0fd5043a433975df46e51d) Importer(2089858483,934ff659095e30574adcf32a4c2f97b5) Generated GUIDs only implemented for interfaces!
 -> (artifact id: 'ed7a7183dd6be8015ad2729daac7df69') in 0.007170 seconds 
========================================================================
Received Import Request.
  Time since last request: 0.000028 seconds.
  path: Assets/ExampleSystems/ObjectPooling/PoolObject.prefab
  artifactKey: Guid(84a446ebedcf8844c9ba1987b3b7376e) Importer(2089858483,934ff659095e30574adcf32a4c2f97b5)
Start importing Assets/ExampleSystems/ObjectPooling/PoolObject.prefab using Guid(84a446ebedcf8844c9ba1987b3b7376e) Importer(2089858483,934ff659095e30574adcf32a4c2f97b5) Generated GUIDs only implemented for interfaces!
 -> (artifact id: '90d586e77e607b70dd8ccb56cfd179e7') in 0.009597 seconds 
========================================================================
Received Import Request.
  Time since last request: 0.000026 seconds.
  path: Assets/ExampleSystems/StateMachine/StateMachineExample.cs
  artifactKey: Guid(a5869b700aa377947a9cbfd25366babc) Importer(2089858483,934ff659095e30574adcf32a4c2f97b5)
Start importing Assets/ExampleSystems/StateMachine/StateMachineExample.cs using Guid(a5869b700aa377947a9cbfd25366babc) Importer(2089858483,934ff659095e30574adcf32a4c2f97b5) Generated GUIDs only implemented for interfaces!
 -> (artifact id: '50e6bb4ba0fccb33dd6408af1aed0011') in 0.006610 seconds 
========================================================================
Received Import Request.
  Time since last request: 0.000029 seconds.
  path: Assets/TextMesh Pro/Resources/Sprite Assets/EmojiOne.asset
  artifactKey: Guid(c41005c129ba4d66911b75229fd70b45) Importer(2089858483,934ff659095e30574adcf32a4c2f97b5)
Start importing Assets/TextMesh Pro/Resources/Sprite Assets/EmojiOne.asset using Guid(c41005c129ba4d66911b75229fd70b45) Importer(2089858483,934ff659095e30574adcf32a4c2f97b5) Generated GUIDs only implemented for interfaces!
 -> (artifact id: '5ac0d6b6eb42b3ba4a306d6d5defacd5') in 0.005298 seconds 
========================================================================
Received Import Request.
  Time since last request: 0.000022 seconds.
  path: Assets/Scripts/GeneralUtility/AStar2D(Pathfinding)/Astar2DGrid.cs
  artifactKey: Guid(4090c5b884584ab419c99f3e5c3579ad) Importer(2089858483,934ff659095e30574adcf32a4c2f97b5)
Start importing Assets/Scripts/GeneralUtility/AStar2D(Pathfinding)/Astar2DGrid.cs using Guid(4090c5b884584ab419c99f3e5c3579ad) Importer(2089858483,934ff659095e30574adcf32a4c2f97b5) Generated GUIDs only implemented for interfaces!
 -> (artifact id: '93dd992b2ef51203080ed4eb272d653c') in 0.020768 seconds 
========================================================================
Received Import Request.
  Time since last request: 0.000023 seconds.
  path: Assets/ExampleSystems/EventSystem/GameEventListener.cs
  artifactKey: Guid(60d0a94de7555db4c9155a1a9359c62e) Importer(2089858483,934ff659095e30574adcf32a4c2f97b5)
Start importing Assets/ExampleSystems/EventSystem/GameEventListener.cs using Guid(60d0a94de7555db4c9155a1a9359c62e) Importer(2089858483,934ff659095e30574adcf32a4c2f97b5) Generated GUIDs only implemented for interfaces!
 -> (artifact id: '64edc39b0773d79fd0c1a37997c87017') in 0.007576 seconds 
========================================================================
Received Import Request.
  Time since last request: 0.000019 seconds.
  path: Assets/TextMesh Pro/Resources/Fonts & Materials/LiberationSans SDF - Drop Shadow.mat
  artifactKey: Guid(e73a58f6e2794ae7b1b7e50b7fb811b0) Importer(2089858483,934ff659095e30574adcf32a4c2f97b5)
Start importing Assets/TextMesh Pro/Resources/Fonts & Materials/LiberationSans SDF - Drop Shadow.mat using Guid(e73a58f6e2794ae7b1b7e50b7fb811b0) Importer(2089858483,934ff659095e30574adcf32a4c2f97b5) Generated GUIDs only implemented for interfaces!
 -> (artifact id: '4ca78a59c220884d43375d62cb2d3761') in 0.007942 seconds 
========================================================================
Received Import Request.
  Time since last request: 0.000022 seconds.
  path: Assets/Assets/Circle.psd
  artifactKey: Guid(6c0a005965d9b7d4aa483916e7273a87) Importer(2089858483,934ff659095e30574adcf32a4c2f97b5)
Start importing Assets/Assets/Circle.psd using Guid(6c0a005965d9b7d4aa483916e7273a87) Importer(2089858483,934ff659095e30574adcf32a4c2f97b5) Generated GUIDs only implemented for interfaces!
 -> (artifact id: '070b0010b8e9580549c4df6e16e05ef1') in 0.027689 seconds 
========================================================================
Received Import Request.
  Time since last request: 0.000019 seconds.
  path: Assets/ExampleSystems/UI/TooltipUI/TooltipScreenSpaceUI.unity
  artifactKey: Guid(5454e236924599a4fb848fb753979969) Importer(2089858483,934ff659095e30574adcf32a4c2f97b5)
Start importing Assets/ExampleSystems/UI/TooltipUI/TooltipScreenSpaceUI.unity using Guid(5454e236924599a4fb848fb753979969) Importer(2089858483,934ff659095e30574adcf32a4c2f97b5) Generated GUIDs only implemented for interfaces!
 -> (artifact id: 'f449153ba9bda31586bd9fcf8cd0ce14') in 0.007130 seconds 
========================================================================
Received Import Request.
  Time since last request: 0.000018 seconds.
  path: Assets/Scripts/GeneralUtility/MeshSystem/MeshStruct.cs
  artifactKey: Guid(433a93e924860524683be50ec42c7974) Importer(2089858483,934ff659095e30574adcf32a4c2f97b5)
Start importing Assets/Scripts/GeneralUtility/MeshSystem/MeshStruct.cs using Guid(433a93e924860524683be50ec42c7974) Importer(2089858483,934ff659095e30574adcf32a4c2f97b5) Generated GUIDs only implemented for interfaces!
 -> (artifact id: '20b9d870f127675488f311c8060efbd3') in 0.007393 seconds 
========================================================================
Received Import Request.
  Time since last request: 0.000024 seconds.
  path: Assets/TextMesh Pro/Resources/Shaders/TMP_Sprite.shader
  artifactKey: Guid(cf81c85f95fe47e1a27f6ae460cf182c) Importer(2089858483,934ff659095e30574adcf32a4c2f97b5)
Start importing Assets/TextMesh Pro/Resources/Shaders/TMP_Sprite.shader using Guid(cf81c85f95fe47e1a27f6ae460cf182c) Importer(2089858483,934ff659095e30574adcf32a4c2f97b5) Generated GUIDs only implemented for interfaces!
 -> (artifact id: 'e9acb08b0fd823cc154c62f9e1f14127') in 0.008109 seconds 
========================================================================
Received Import Request.
  Time since last request: 0.000030 seconds.
  path: Assets/Scripts/GeneralUtility/FixedUpdateCounter.cs
  artifactKey: Guid(41098cbe3e7420c4bb7455f1b42ce6d8) Importer(2089858483,934ff659095e30574adcf32a4c2f97b5)
Start importing Assets/Scripts/GeneralUtility/FixedUpdateCounter.cs using Guid(41098cbe3e7420c4bb7455f1b42ce6d8) Importer(2089858483,934ff659095e30574adcf32a4c2f97b5) Generated GUIDs only implemented for interfaces!
 -> (artifact id: '0e337f2f65a7a13f72a6b69b2afc71b1') in 0.006840 seconds 
========================================================================
Received Import Request.
  Time since last request: 0.000054 seconds.
  path: Assets/ExampleSystems/EventSystem/GameEventListenerWithDelay.cs
  artifactKey: Guid(d1f3a32be11b3214e9923c0e0124adf3) Importer(2089858483,934ff659095e30574adcf32a4c2f97b5)
Start importing Assets/ExampleSystems/EventSystem/GameEventListenerWithDelay.cs using Guid(d1f3a32be11b3214e9923c0e0124adf3) Importer(2089858483,934ff659095e30574adcf32a4c2f97b5) Generated GUIDs only implemented for interfaces!
 -> (artifact id: '5ffc47ae64251f5bcbc65e5d531aa866') in 0.007239 seconds 
========================================================================
Received Import Request.
  Time since last request: 0.000027 seconds.
  path: Assets/ExampleSystems/GridSystems/PixelArtDrawing/PixelArtDrawingTest.cs
  artifactKey: Guid(d07387a87481cd44ba812d0a649e41d3) Importer(2089858483,934ff659095e30574adcf32a4c2f97b5)
Start importing Assets/ExampleSystems/GridSystems/PixelArtDrawing/PixelArtDrawingTest.cs using Guid(d07387a87481cd44ba812d0a649e41d3) Importer(2089858483,934ff659095e30574adcf32a4c2f97b5) Generated GUIDs only implemented for interfaces!
 -> (artifact id: 'ff7f90c1f62edf11ba9e659b0e9f3182') in 0.007114 seconds 
========================================================================
Received Import Request.
  Time since last request: 0.000024 seconds.
  path: Assets/TextMesh Pro/Resources/Shaders/TMP_SDF Overlay.shader
  artifactKey: Guid(dd89cf5b9246416f84610a006f916af7) Importer(2089858483,934ff659095e30574adcf32a4c2f97b5)
Start importing Assets/TextMesh Pro/Resources/Shaders/TMP_SDF Overlay.shader using Guid(dd89cf5b9246416f84610a006f916af7) Importer(2089858483,934ff659095e30574adcf32a4c2f97b5) Generated GUIDs only implemented for interfaces!
 -> (artifact id: '99260291cacafb63e4a0ac9ef5d97d4a') in 0.006952 seconds 
========================================================================
Received Import Request.
  Time since last request: 0.000021 seconds.
  path: Assets/ExampleSystems/heatmap.bmp
  artifactKey: Guid(2e9e0b11c68958b4ca8194a14ec68fa2) Importer(2089858483,934ff659095e30574adcf32a4c2f97b5)
Start importing Assets/ExampleSystems/heatmap.bmp using Guid(2e9e0b11c68958b4ca8194a14ec68fa2) Importer(2089858483,934ff659095e30574adcf32a4c2f97b5) Generated GUIDs only implemented for interfaces!
 -> (artifact id: '7897cd7efd588b7a241bc1332a7c7d5c') in 0.027337 seconds 
========================================================================
Received Import Request.
  Time since last request: 0.000017 seconds.
  path: Assets/TextMesh Pro/Resources/Shaders/TMPro.cginc
  artifactKey: Guid(407bc68d299748449bbf7f48ee690f8d) Importer(2089858483,934ff659095e30574adcf32a4c2f97b5)
Start importing Assets/TextMesh Pro/Resources/Shaders/TMPro.cginc using Guid(407bc68d299748449bbf7f48ee690f8d) Importer(2089858483,934ff659095e30574adcf32a4c2f97b5) Generated GUIDs only implemented for interfaces!
 -> (artifact id: '1112522a521542dc0f11334d584f0d4f') in 0.007138 seconds 
========================================================================
Received Prepare
Refreshing native plugins compatible for Editor in 4.17 ms, found 4 plugins.
Preloading 0 native plugins for Editor in 0.00 ms.
Unloading 32 Unused Serialized files (Serialized files now loaded: 0)
Unloading 32 unused Assets / (261.6 KB). Loaded Objects now: 4547.
Memory consumption went from 73.4 MB to 73.2 MB.
Total: 4.261600 ms (FindLiveObjects: 0.397800 ms CreateObjectMapping: 0.111100 ms MarkObjects: 3.558100 ms  DeleteObjects: 0.193500 ms)

AssetImportParameters requested are different than current active one (requested -> active):
  custom:video-decoder-ogg-theora: a1e56fd34408186e4bbccfd4996cb3dc -> 
  custom:container-muxer-webm: aa71ff27fc2769a1b78a27578f13a17b -> 
  custom:container-demuxer-webm: 4f35f7cbe854078d1ac9338744f61a02 -> 
  custom:video-encoder-webm-vp8: eb34c28f22e8b96e1ab97ce403110664 -> 
  custom:audio-encoder-webm-vorbis: bf7c407c2cedff20999df2af8eb42d56 -> 
  custom:framework-win-MediaFoundation: 216162199b28c13a410421893ffa2e32 -> 
  custom:SearchIndexIgnoredProperties: e643bd26f0fe6173181afceb89e7c659 -> 
  custom:container-demuxer-ogg: 62fdf1f143b41e24485cea50d1cbac27 -> 
  custom:video-decoder-webm-vp8: 9c59270c3fd7afecdb556c50c9e8de78 -> 
  custom:audio-decoder-ogg-vorbis: bf7c407c2cedff20999df2af8eb42d56 -> 
